2020-08-12 12:28:11,583 ERROR 9494 nodejs.ClusterClientNoResponseError: client no response in 2091743ms exceeding maxIdleTime 60000ms, maybe the connection is close on other side.
    at Timeout._onTimeout (/Users/zhangmeng/Documents/z_node_learn/egg-sonic/node_modules/cluster-client/lib/leader.js:77:23)
    at listOnTimeout (internal/timers.js:531:17)
    at processTimers (internal/timers.js:475:7)
name: "ClusterClientNoResponseError"
pid: 9494
hostname: localhost

2020-08-12 12:37:44,899 ERROR 9494 nodejs.ClusterClientNoResponseError: client no response in 534336ms exceeding maxIdleTime 60000ms, maybe the connection is close on other side.
    at Timeout._onTimeout (/Users/zhangmeng/Documents/z_node_learn/egg-sonic/node_modules/cluster-client/lib/leader.js:77:23)
    at listOnTimeout (internal/timers.js:531:17)
    at processTimers (internal/timers.js:475:7)
name: "ClusterClientNoResponseError"
pid: 9494
hostname: localhost

2020-08-12 16:24:41,070 ERROR 15095 [-/::1/-/8ms GET /news] nodejs.TypeError: Cannot destructure property `serverUrl` of 'undefined' or 'null'.
    at NewsService.list (/Users/zhangmeng/Documents/z_node_learn/egg-sonic/app/service/news.js:6:11)
    at NewsController.list (/Users/zhangmeng/Documents/z_node_learn/egg-sonic/app/controller/news.js:7:45)
    at Object.callFn (/Users/zhangmeng/Documents/z_node_learn/egg-sonic/node_modules/egg-core/lib/utils/index.js:44:21)
    at Object.classControllerMiddleware (/Users/zhangmeng/Documents/z_node_learn/egg-sonic/node_modules/egg-core/lib/loader/mixin/controller.js:87:20)
    at Object.callFn (/Users/zhangmeng/Documents/z_node_learn/egg-sonic/node_modules/@eggjs/router/lib/utils.js:12:21)
    at wrappedController (/Users/zhangmeng/Documents/z_node_learn/egg-sonic/node_modules/@eggjs/router/lib/egg_router.js:322:18)
    at dispatch (/Users/zhangmeng/Documents/z_node_learn/egg-sonic/node_modules/koa-compose/index.js:44:32)
    at next (/Users/zhangmeng/Documents/z_node_learn/egg-sonic/node_modules/koa-compose/index.js:45:18)
    at /Users/zhangmeng/Documents/z_node_learn/egg-sonic/node_modules/@eggjs/router/lib/router.js:190:18
    at dispatch (/Users/zhangmeng/Documents/z_node_learn/egg-sonic/node_modules/koa-compose/index.js:44:32)

pid: 15095
hostname: zhangmengdeMacBook-Pro.local

2020-08-13 15:15:33,001 ERROR 2890 [-/::1/-/6ms POST /news] nodejs.ReferenceError: id is not defined
    at NewsService.list (/Users/zhangmeng/Documents/z_node_learn/egg-sonic/app/service/news.js:13:5)
    at NewsController.list (/Users/zhangmeng/Documents/z_node_learn/egg-sonic/app/controller/news.js:5:45)
    at Object.callFn (/Users/zhangmeng/Documents/z_node_learn/egg-sonic/node_modules/egg-core/lib/utils/index.js:44:21)
    at Object.classControllerMiddleware (/Users/zhangmeng/Documents/z_node_learn/egg-sonic/node_modules/egg-core/lib/loader/mixin/controller.js:87:20)
    at Object.callFn (/Users/zhangmeng/Documents/z_node_learn/egg-sonic/node_modules/@eggjs/router/lib/utils.js:12:21)
    at wrappedController (/Users/zhangmeng/Documents/z_node_learn/egg-sonic/node_modules/@eggjs/router/lib/egg_router.js:322:18)
    at dispatch (/Users/zhangmeng/Documents/z_node_learn/egg-sonic/node_modules/koa-compose/index.js:44:32)
    at next (/Users/zhangmeng/Documents/z_node_learn/egg-sonic/node_modules/koa-compose/index.js:45:18)
    at /Users/zhangmeng/Documents/z_node_learn/egg-sonic/node_modules/@eggjs/router/lib/router.js:190:18
    at dispatch (/Users/zhangmeng/Documents/z_node_learn/egg-sonic/node_modules/koa-compose/index.js:44:32)

pid: 2890
hostname: localhost

2020-08-13 15:16:05,224 ERROR 2891 [-/::1/-/14ms POST /news] nodejs.ReferenceError: id is not defined
    at NewsService.list (/Users/zhangmeng/Documents/z_node_learn/egg-sonic/app/service/news.js:13:5)
    at NewsController.list (/Users/zhangmeng/Documents/z_node_learn/egg-sonic/app/controller/news.js:5:45)
    at Object.callFn (/Users/zhangmeng/Documents/z_node_learn/egg-sonic/node_modules/egg-core/lib/utils/index.js:44:21)
    at Object.classControllerMiddleware (/Users/zhangmeng/Documents/z_node_learn/egg-sonic/node_modules/egg-core/lib/loader/mixin/controller.js:87:20)
    at Object.callFn (/Users/zhangmeng/Documents/z_node_learn/egg-sonic/node_modules/@eggjs/router/lib/utils.js:12:21)
    at wrappedController (/Users/zhangmeng/Documents/z_node_learn/egg-sonic/node_modules/@eggjs/router/lib/egg_router.js:322:18)
    at dispatch (/Users/zhangmeng/Documents/z_node_learn/egg-sonic/node_modules/koa-compose/index.js:44:32)
    at next (/Users/zhangmeng/Documents/z_node_learn/egg-sonic/node_modules/koa-compose/index.js:45:18)
    at /Users/zhangmeng/Documents/z_node_learn/egg-sonic/node_modules/@eggjs/router/lib/router.js:190:18
    at dispatch (/Users/zhangmeng/Documents/z_node_learn/egg-sonic/node_modules/koa-compose/index.js:44:32)

pid: 2891
hostname: localhost

2020-08-13 15:18:03,147 ERROR 2925 [-/::1/-/14ms POST /news] nodejs.ReferenceError: id is not defined
    at NewsService.list (/Users/zhangmeng/Documents/z_node_learn/egg-sonic/app/service/news.js:13:5)
    at NewsController.list (/Users/zhangmeng/Documents/z_node_learn/egg-sonic/app/controller/news.js:5:45)
    at Object.callFn (/Users/zhangmeng/Documents/z_node_learn/egg-sonic/node_modules/egg-core/lib/utils/index.js:44:21)
    at Object.classControllerMiddleware (/Users/zhangmeng/Documents/z_node_learn/egg-sonic/node_modules/egg-core/lib/loader/mixin/controller.js:87:20)
    at Object.callFn (/Users/zhangmeng/Documents/z_node_learn/egg-sonic/node_modules/@eggjs/router/lib/utils.js:12:21)
    at wrappedController (/Users/zhangmeng/Documents/z_node_learn/egg-sonic/node_modules/@eggjs/router/lib/egg_router.js:322:18)
    at dispatch (/Users/zhangmeng/Documents/z_node_learn/egg-sonic/node_modules/koa-compose/index.js:44:32)
    at next (/Users/zhangmeng/Documents/z_node_learn/egg-sonic/node_modules/koa-compose/index.js:45:18)
    at /Users/zhangmeng/Documents/z_node_learn/egg-sonic/node_modules/@eggjs/router/lib/router.js:190:18
    at dispatch (/Users/zhangmeng/Documents/z_node_learn/egg-sonic/node_modules/koa-compose/index.js:44:32)

pid: 2925
hostname: localhost

2020-08-13 15:18:10,331 ERROR 2925 [-/::1/-/1ms POST /news] nodejs.ReferenceError: id is not defined
    at NewsService.list (/Users/zhangmeng/Documents/z_node_learn/egg-sonic/app/service/news.js:13:5)
    at NewsController.list (/Users/zhangmeng/Documents/z_node_learn/egg-sonic/app/controller/news.js:5:45)
    at Object.callFn (/Users/zhangmeng/Documents/z_node_learn/egg-sonic/node_modules/egg-core/lib/utils/index.js:44:21)
    at Object.classControllerMiddleware (/Users/zhangmeng/Documents/z_node_learn/egg-sonic/node_modules/egg-core/lib/loader/mixin/controller.js:87:20)
    at Object.callFn (/Users/zhangmeng/Documents/z_node_learn/egg-sonic/node_modules/@eggjs/router/lib/utils.js:12:21)
    at wrappedController (/Users/zhangmeng/Documents/z_node_learn/egg-sonic/node_modules/@eggjs/router/lib/egg_router.js:322:18)
    at dispatch (/Users/zhangmeng/Documents/z_node_learn/egg-sonic/node_modules/koa-compose/index.js:44:32)
    at next (/Users/zhangmeng/Documents/z_node_learn/egg-sonic/node_modules/koa-compose/index.js:45:18)
    at /Users/zhangmeng/Documents/z_node_learn/egg-sonic/node_modules/@eggjs/router/lib/router.js:190:18
    at dispatch (/Users/zhangmeng/Documents/z_node_learn/egg-sonic/node_modules/koa-compose/index.js:44:32)

pid: 2925
hostname: localhost

2020-08-13 15:19:11,114 ERROR 2927 [-/::1/-/2ms POST /news] nodejs.ReferenceError: id is not defined
    at NewsService.list (/Users/zhangmeng/Documents/z_node_learn/egg-sonic/app/service/news.js:13:5)
    at NewsController.list (/Users/zhangmeng/Documents/z_node_learn/egg-sonic/app/controller/news.js:5:45)
    at Object.callFn (/Users/zhangmeng/Documents/z_node_learn/egg-sonic/node_modules/egg-core/lib/utils/index.js:44:21)
    at Object.classControllerMiddleware (/Users/zhangmeng/Documents/z_node_learn/egg-sonic/node_modules/egg-core/lib/loader/mixin/controller.js:87:20)
    at Object.callFn (/Users/zhangmeng/Documents/z_node_learn/egg-sonic/node_modules/@eggjs/router/lib/utils.js:12:21)
    at wrappedController (/Users/zhangmeng/Documents/z_node_learn/egg-sonic/node_modules/@eggjs/router/lib/egg_router.js:322:18)
    at dispatch (/Users/zhangmeng/Documents/z_node_learn/egg-sonic/node_modules/koa-compose/index.js:44:32)
    at next (/Users/zhangmeng/Documents/z_node_learn/egg-sonic/node_modules/koa-compose/index.js:45:18)
    at /Users/zhangmeng/Documents/z_node_learn/egg-sonic/node_modules/@eggjs/router/lib/router.js:190:18
    at dispatch (/Users/zhangmeng/Documents/z_node_learn/egg-sonic/node_modules/koa-compose/index.js:44:32)

pid: 2927
hostname: localhost

2020-08-13 15:19:49,939 ERROR 2927 [-/::1/-/0ms POST /news] nodejs.ReferenceError: id is not defined
    at NewsService.list (/Users/zhangmeng/Documents/z_node_learn/egg-sonic/app/service/news.js:13:5)
    at NewsController.list (/Users/zhangmeng/Documents/z_node_learn/egg-sonic/app/controller/news.js:5:45)
    at Object.callFn (/Users/zhangmeng/Documents/z_node_learn/egg-sonic/node_modules/egg-core/lib/utils/index.js:44:21)
    at Object.classControllerMiddleware (/Users/zhangmeng/Documents/z_node_learn/egg-sonic/node_modules/egg-core/lib/loader/mixin/controller.js:87:20)
    at Object.callFn (/Users/zhangmeng/Documents/z_node_learn/egg-sonic/node_modules/@eggjs/router/lib/utils.js:12:21)
    at wrappedController (/Users/zhangmeng/Documents/z_node_learn/egg-sonic/node_modules/@eggjs/router/lib/egg_router.js:322:18)
    at dispatch (/Users/zhangmeng/Documents/z_node_learn/egg-sonic/node_modules/koa-compose/index.js:44:32)
    at next (/Users/zhangmeng/Documents/z_node_learn/egg-sonic/node_modules/koa-compose/index.js:45:18)
    at /Users/zhangmeng/Documents/z_node_learn/egg-sonic/node_modules/@eggjs/router/lib/router.js:190:18
    at dispatch (/Users/zhangmeng/Documents/z_node_learn/egg-sonic/node_modules/koa-compose/index.js:44:32)

pid: 2927
hostname: localhost

2020-08-13 15:21:43,397 ERROR 2932 [-/::1/-/2ms POST /news] nodejs.ReferenceError: id is not defined
    at NewsService.list (/Users/zhangmeng/Documents/z_node_learn/egg-sonic/app/service/news.js:13:5)
    at NewsController.list (/Users/zhangmeng/Documents/z_node_learn/egg-sonic/app/controller/news.js:5:45)
    at Object.callFn (/Users/zhangmeng/Documents/z_node_learn/egg-sonic/node_modules/egg-core/lib/utils/index.js:44:21)
    at Object.classControllerMiddleware (/Users/zhangmeng/Documents/z_node_learn/egg-sonic/node_modules/egg-core/lib/loader/mixin/controller.js:87:20)
    at Object.callFn (/Users/zhangmeng/Documents/z_node_learn/egg-sonic/node_modules/@eggjs/router/lib/utils.js:12:21)
    at wrappedController (/Users/zhangmeng/Documents/z_node_learn/egg-sonic/node_modules/@eggjs/router/lib/egg_router.js:322:18)
    at dispatch (/Users/zhangmeng/Documents/z_node_learn/egg-sonic/node_modules/koa-compose/index.js:44:32)
    at next (/Users/zhangmeng/Documents/z_node_learn/egg-sonic/node_modules/koa-compose/index.js:45:18)
    at /Users/zhangmeng/Documents/z_node_learn/egg-sonic/node_modules/@eggjs/router/lib/router.js:190:18
    at dispatch (/Users/zhangmeng/Documents/z_node_learn/egg-sonic/node_modules/koa-compose/index.js:44:32)

pid: 2932
hostname: localhost

2020-08-13 15:21:47,795 ERROR 2932 [-/::1/-/4ms POST /news] nodejs.ReferenceError: id is not defined
    at NewsService.list (/Users/zhangmeng/Documents/z_node_learn/egg-sonic/app/service/news.js:13:5)
    at NewsController.list (/Users/zhangmeng/Documents/z_node_learn/egg-sonic/app/controller/news.js:5:45)
    at Object.callFn (/Users/zhangmeng/Documents/z_node_learn/egg-sonic/node_modules/egg-core/lib/utils/index.js:44:21)
    at Object.classControllerMiddleware (/Users/zhangmeng/Documents/z_node_learn/egg-sonic/node_modules/egg-core/lib/loader/mixin/controller.js:87:20)
    at Object.callFn (/Users/zhangmeng/Documents/z_node_learn/egg-sonic/node_modules/@eggjs/router/lib/utils.js:12:21)
    at wrappedController (/Users/zhangmeng/Documents/z_node_learn/egg-sonic/node_modules/@eggjs/router/lib/egg_router.js:322:18)
    at dispatch (/Users/zhangmeng/Documents/z_node_learn/egg-sonic/node_modules/koa-compose/index.js:44:32)
    at next (/Users/zhangmeng/Documents/z_node_learn/egg-sonic/node_modules/koa-compose/index.js:45:18)
    at /Users/zhangmeng/Documents/z_node_learn/egg-sonic/node_modules/@eggjs/router/lib/router.js:190:18
    at dispatch (/Users/zhangmeng/Documents/z_node_learn/egg-sonic/node_modules/koa-compose/index.js:44:32)

pid: 2932
hostname: localhost

2020-08-13 18:17:40,096 ERROR 3824 [-/127.0.0.1/-/38ms POST /user/login] nodejs.TypeError: Cannot read property 'findAll' of undefined
    at UserService.login (/Users/zhangmeng/Documents/z_node_learn/egg-sonic/app/service/user.js:22:39)
    at UserController.login (/Users/zhangmeng/Documents/z_node_learn/egg-sonic/app/controller/user.js:7:45)
    at Object.callFn (/Users/zhangmeng/Documents/z_node_learn/egg-sonic/node_modules/egg-core/lib/utils/index.js:44:21)
    at Object.classControllerMiddleware (/Users/zhangmeng/Documents/z_node_learn/egg-sonic/node_modules/egg-core/lib/loader/mixin/controller.js:87:20)
    at Object.callFn (/Users/zhangmeng/Documents/z_node_learn/egg-sonic/node_modules/@eggjs/router/lib/utils.js:12:21)
    at wrappedController (/Users/zhangmeng/Documents/z_node_learn/egg-sonic/node_modules/@eggjs/router/lib/egg_router.js:322:18)
    at dispatch (/Users/zhangmeng/Documents/z_node_learn/egg-sonic/node_modules/koa-compose/index.js:44:32)
    at next (/Users/zhangmeng/Documents/z_node_learn/egg-sonic/node_modules/koa-compose/index.js:45:18)
    at /Users/zhangmeng/Documents/z_node_learn/egg-sonic/node_modules/@eggjs/router/lib/router.js:190:18
    at dispatch (/Users/zhangmeng/Documents/z_node_learn/egg-sonic/node_modules/koa-compose/index.js:44:32)
    at /Users/zhangmeng/Documents/z_node_learn/egg-sonic/node_modules/koa-compose/index.js:36:12
    at dispatch (/Users/zhangmeng/Documents/z_node_learn/egg-sonic/node_modules/@eggjs/router/lib/router.js:195:33)
    at dispatch (/Users/zhangmeng/Documents/z_node_learn/egg-sonic/node_modules/koa/node_modules/koa-compose/index.js:42:32)
    at /Users/zhangmeng/Documents/z_node_learn/egg-sonic/node_modules/egg-development/app/middleware/egg_loader_trace.js:9:56
    at dispatch (/Users/zhangmeng/Documents/z_node_learn/egg-sonic/node_modules/koa/node_modules/koa-compose/index.js:42:32)
    at i18n (/Users/zhangmeng/Documents/z_node_learn/egg-sonic/node_modules/egg-i18n/app/middleware/i18n.js:13:12)
    at dispatch (/Users/zhangmeng/Documents/z_node_learn/egg-sonic/node_modules/koa/node_modules/koa-compose/index.js:42:32)
    at dispatch (/Users/zhangmeng/Documents/z_node_learn/egg-sonic/node_modules/egg-security/node_modules/koa-compose/index.js:42:32)
    at dta (/Users/zhangmeng/Documents/z_node_learn/egg-sonic/node_modules/egg-security/lib/middlewares/dta.js:12:12)
    at dispatch (/Users/zhangmeng/Documents/z_node_learn/egg-sonic/node_modules/egg-security/node_modules/koa-compose/index.js:42:32)
    at xframe (/Users/zhangmeng/Documents/z_node_learn/egg-sonic/node_modules/egg-security/lib/middlewares/xframe.js:7:11)
    at dispatch (/Users/zhangmeng/Documents/z_node_learn/egg-sonic/node_modules/egg-security/node_modules/koa-compose/index.js:42:32)

pid: 3824
hostname: localhost

2020-08-13 18:20:44,147 ERROR 3826 [-/127.0.0.1/-/58ms POST /user/login] nodejs.SequelizeDatabaseError: Unknown column 'Users.user' in 'where clause'
    at Query.formatError (/Users/zhangmeng/Documents/z_node_learn/egg-sonic/node_modules/sequelize/lib/dialects/mysql/query.js:244:16)
    at Query.handler [as onResult] (/Users/zhangmeng/Documents/z_node_learn/egg-sonic/node_modules/sequelize/lib/dialects/mysql/query.js:51:23)
    at Query.execute (/Users/zhangmeng/Documents/z_node_learn/egg-sonic/node_modules/mysql2/lib/commands/command.js:30:14)
    at Connection.handlePacket (/Users/zhangmeng/Documents/z_node_learn/egg-sonic/node_modules/mysql2/lib/connection.js:417:32)
    at PacketParser.onPacket (/Users/zhangmeng/Documents/z_node_learn/egg-sonic/node_modules/mysql2/lib/connection.js:75:12)
    at PacketParser.executeStart (/Users/zhangmeng/Documents/z_node_learn/egg-sonic/node_modules/mysql2/lib/packet_parser.js:75:16)
    at Socket.<anonymous> (/Users/zhangmeng/Documents/z_node_learn/egg-sonic/node_modules/mysql2/lib/connection.js:82:25)
    at Socket.emit (events.js:210:5)
    at addChunk (_stream_readable.js:309:12)
    at readableAddChunk (_stream_readable.js:290:11)
    at Socket.Readable.push (_stream_readable.js:224:10)
    at TCP.onStreamRead (internal/stream_base_commons.js:182:23)
From previous event:
    at Query.run (/Users/zhangmeng/Documents/z_node_learn/egg-sonic/node_modules/sequelize/lib/dialects/mysql/query.js:39:12)
    at /Users/zhangmeng/Documents/z_node_learn/egg-sonic/node_modules/sequelize/lib/sequelize.js:655:29
From previous event:
    at /Users/zhangmeng/Documents/z_node_learn/egg-sonic/node_modules/sequelize/lib/sequelize.js:655:12
From previous event:
    at /Users/zhangmeng/Documents/z_node_learn/egg-sonic/node_modules/sequelize/lib/sequelize.js:651:10
    at /Users/zhangmeng/Documents/z_node_learn/egg-sonic/node_modules/retry-as-promised/index.js:70:21
    at new Promise (<anonymous>)
    at retryAsPromised (/Users/zhangmeng/Documents/z_node_learn/egg-sonic/node_modules/retry-as-promised/index.js:60:10)
    at /Users/zhangmeng/Documents/z_node_learn/egg-sonic/node_modules/sequelize/lib/sequelize.js:641:30
From previous event:
    at Sequelize.query (/Users/zhangmeng/Documents/z_node_learn/egg-sonic/node_modules/sequelize/lib/sequelize.js:590:23)
    at QueryInterface.select (/Users/zhangmeng/Documents/z_node_learn/egg-sonic/node_modules/sequelize/lib/query-interface.js:1126:27)
    at /Users/zhangmeng/Documents/z_node_learn/egg-sonic/node_modules/sequelize/lib/model.js:1759:34
    at processImmediate (internal/timers.js:439:21)
From previous event:
    at Function.findAll (/Users/zhangmeng/Documents/z_node_learn/egg-sonic/node_modules/sequelize/lib/model.js:1757:8)
    at UserService.login (/Users/zhangmeng/Documents/z_node_learn/egg-sonic/app/service/user.js:22:39)
    at UserController.login (/Users/zhangmeng/Documents/z_node_learn/egg-sonic/app/controller/user.js:7:45)
    at Object.callFn (/Users/zhangmeng/Documents/z_node_learn/egg-sonic/node_modules/egg-core/lib/utils/index.js:44:21)
    at Object.classControllerMiddleware (/Users/zhangmeng/Documents/z_node_learn/egg-sonic/node_modules/egg-core/lib/loader/mixin/controller.js:87:20)
    at Object.callFn (/Users/zhangmeng/Documents/z_node_learn/egg-sonic/node_modules/@eggjs/router/lib/utils.js:12:21)
    at wrappedController (/Users/zhangmeng/Documents/z_node_learn/egg-sonic/node_modules/@eggjs/router/lib/egg_router.js:322:18)
    at dispatch (/Users/zhangmeng/Documents/z_node_learn/egg-sonic/node_modules/koa-compose/index.js:44:32)
    at next (/Users/zhangmeng/Documents/z_node_learn/egg-sonic/node_modules/koa-compose/index.js:45:18)
    at /Users/zhangmeng/Documents/z_node_learn/egg-sonic/node_modules/@eggjs/router/lib/router.js:190:18
    at dispatch (/Users/zhangmeng/Documents/z_node_learn/egg-sonic/node_modules/koa-compose/index.js:44:32)
    at /Users/zhangmeng/Documents/z_node_learn/egg-sonic/node_modules/koa-compose/index.js:36:12
    at dispatch (/Users/zhangmeng/Documents/z_node_learn/egg-sonic/node_modules/@eggjs/router/lib/router.js:195:33)
    at dispatch (/Users/zhangmeng/Documents/z_node_learn/egg-sonic/node_modules/koa/node_modules/koa-compose/index.js:42:32)
    at /Users/zhangmeng/Documents/z_node_learn/egg-sonic/node_modules/egg-development/app/middleware/egg_loader_trace.js:9:56
    at dispatch (/Users/zhangmeng/Documents/z_node_learn/egg-sonic/node_modules/koa/node_modules/koa-compose/index.js:42:32)
    at i18n (/Users/zhangmeng/Documents/z_node_learn/egg-sonic/node_modules/egg-i18n/app/middleware/i18n.js:13:12)
    at dispatch (/Users/zhangmeng/Documents/z_node_learn/egg-sonic/node_modules/koa/node_modules/koa-compose/index.js:42:32)
    at dispatch (/Users/zhangmeng/Documents/z_node_learn/egg-sonic/node_modules/egg-security/node_modules/koa-compose/index.js:42:32)
    at dta (/Users/zhangmeng/Documents/z_node_learn/egg-sonic/node_modules/egg-security/lib/middlewares/dta.js:12:12)
    at dispatch (/Users/zhangmeng/Documents/z_node_learn/egg-sonic/node_modules/egg-security/node_modules/koa-compose/index.js:42:32)
    at xframe (/Users/zhangmeng/Documents/z_node_learn/egg-sonic/node_modules/egg-security/lib/middlewares/xframe.js:7:11)
    at dispatch (/Users/zhangmeng/Documents/z_node_learn/egg-sonic/node_modules/egg-security/node_modules/koa-compose/index.js:42:32)
    at xssProtection (/Users/zhangmeng/Documents/z_node_learn/egg-sonic/node_modules/egg-security/lib/middlewares/xssProtection.js:7:11)
    at dispatch (/Users/zhangmeng/Documents/z_node_learn/egg-sonic/node_modules/egg-security/node_modules/koa-compose/index.js:42:32)
name: "SequelizeDatabaseError"
parent: {"code":"ER_BAD_FIELD_ERROR","errno":1054,"sqlState":"42S22","sqlMessage":"Unknown column 'Users.user' in 'where clause'","sql":"SELECT `id`, `user_id`, `name`, `password`, `real_name`, `user_role`, `headimg`, `login_time` FROM `user` AS `Users` WHERE `Users`.`user` = 'admin' AND `Users`.`password` = '21232f297a57a5a743894a0e4a801fc3';"}
original: {"code":"ER_BAD_FIELD_ERROR","errno":1054,"sqlState":"42S22","sqlMessage":"Unknown column 'Users.user' in 'where clause'","sql":"SELECT `id`, `user_id`, `name`, `password`, `real_name`, `user_role`, `headimg`, `login_time` FROM `user` AS `Users` WHERE `Users`.`user` = 'admin' AND `Users`.`password` = '21232f297a57a5a743894a0e4a801fc3';"}
sql: "SELECT `id`, `user_id`, `name`, `password`, `real_name`, `user_role`, `headimg`, `login_time` FROM `user` AS `Users` WHERE `Users`.`user` = 'admin' AND `Users`.`password` = '21232f297a57a5a743894a0e4a801fc3';"
parameters: undefined
pid: 3826
hostname: localhost

2020-08-13 18:21:13,644 ERROR 3837 [-/127.0.0.1/-/27ms POST /user/login] nodejs.SequelizeDatabaseError: Unknown column 'Users.user' in 'where clause'
    at Query.formatError (/Users/zhangmeng/Documents/z_node_learn/egg-sonic/node_modules/sequelize/lib/dialects/mysql/query.js:244:16)
    at Query.handler [as onResult] (/Users/zhangmeng/Documents/z_node_learn/egg-sonic/node_modules/sequelize/lib/dialects/mysql/query.js:51:23)
    at Query.execute (/Users/zhangmeng/Documents/z_node_learn/egg-sonic/node_modules/mysql2/lib/commands/command.js:30:14)
    at Connection.handlePacket (/Users/zhangmeng/Documents/z_node_learn/egg-sonic/node_modules/mysql2/lib/connection.js:417:32)
    at PacketParser.onPacket (/Users/zhangmeng/Documents/z_node_learn/egg-sonic/node_modules/mysql2/lib/connection.js:75:12)
    at PacketParser.executeStart (/Users/zhangmeng/Documents/z_node_learn/egg-sonic/node_modules/mysql2/lib/packet_parser.js:75:16)
    at Socket.<anonymous> (/Users/zhangmeng/Documents/z_node_learn/egg-sonic/node_modules/mysql2/lib/connection.js:82:25)
    at Socket.emit (events.js:210:5)
    at addChunk (_stream_readable.js:309:12)
    at readableAddChunk (_stream_readable.js:290:11)
    at Socket.Readable.push (_stream_readable.js:224:10)
    at TCP.onStreamRead (internal/stream_base_commons.js:182:23)
From previous event:
    at Query.run (/Users/zhangmeng/Documents/z_node_learn/egg-sonic/node_modules/sequelize/lib/dialects/mysql/query.js:39:12)
    at /Users/zhangmeng/Documents/z_node_learn/egg-sonic/node_modules/sequelize/lib/sequelize.js:655:29
From previous event:
    at /Users/zhangmeng/Documents/z_node_learn/egg-sonic/node_modules/sequelize/lib/sequelize.js:655:12
From previous event:
    at /Users/zhangmeng/Documents/z_node_learn/egg-sonic/node_modules/sequelize/lib/sequelize.js:651:10
    at /Users/zhangmeng/Documents/z_node_learn/egg-sonic/node_modules/retry-as-promised/index.js:70:21
    at new Promise (<anonymous>)
    at retryAsPromised (/Users/zhangmeng/Documents/z_node_learn/egg-sonic/node_modules/retry-as-promised/index.js:60:10)
    at /Users/zhangmeng/Documents/z_node_learn/egg-sonic/node_modules/sequelize/lib/sequelize.js:641:30
From previous event:
    at Sequelize.query (/Users/zhangmeng/Documents/z_node_learn/egg-sonic/node_modules/sequelize/lib/sequelize.js:590:23)
    at QueryInterface.select (/Users/zhangmeng/Documents/z_node_learn/egg-sonic/node_modules/sequelize/lib/query-interface.js:1126:27)
    at /Users/zhangmeng/Documents/z_node_learn/egg-sonic/node_modules/sequelize/lib/model.js:1759:34
    at processImmediate (internal/timers.js:439:21)
From previous event:
    at Function.findAll (/Users/zhangmeng/Documents/z_node_learn/egg-sonic/node_modules/sequelize/lib/model.js:1757:8)
    at UserService.login (/Users/zhangmeng/Documents/z_node_learn/egg-sonic/app/service/user.js:22:39)
    at UserController.login (/Users/zhangmeng/Documents/z_node_learn/egg-sonic/app/controller/user.js:7:45)
    at Object.callFn (/Users/zhangmeng/Documents/z_node_learn/egg-sonic/node_modules/egg-core/lib/utils/index.js:44:21)
    at Object.classControllerMiddleware (/Users/zhangmeng/Documents/z_node_learn/egg-sonic/node_modules/egg-core/lib/loader/mixin/controller.js:87:20)
    at Object.callFn (/Users/zhangmeng/Documents/z_node_learn/egg-sonic/node_modules/@eggjs/router/lib/utils.js:12:21)
    at wrappedController (/Users/zhangmeng/Documents/z_node_learn/egg-sonic/node_modules/@eggjs/router/lib/egg_router.js:322:18)
    at dispatch (/Users/zhangmeng/Documents/z_node_learn/egg-sonic/node_modules/koa-compose/index.js:44:32)
    at next (/Users/zhangmeng/Documents/z_node_learn/egg-sonic/node_modules/koa-compose/index.js:45:18)
    at /Users/zhangmeng/Documents/z_node_learn/egg-sonic/node_modules/@eggjs/router/lib/router.js:190:18
    at dispatch (/Users/zhangmeng/Documents/z_node_learn/egg-sonic/node_modules/koa-compose/index.js:44:32)
    at /Users/zhangmeng/Documents/z_node_learn/egg-sonic/node_modules/koa-compose/index.js:36:12
    at dispatch (/Users/zhangmeng/Documents/z_node_learn/egg-sonic/node_modules/@eggjs/router/lib/router.js:195:33)
    at dispatch (/Users/zhangmeng/Documents/z_node_learn/egg-sonic/node_modules/koa/node_modules/koa-compose/index.js:42:32)
    at /Users/zhangmeng/Documents/z_node_learn/egg-sonic/node_modules/egg-development/app/middleware/egg_loader_trace.js:9:56
    at dispatch (/Users/zhangmeng/Documents/z_node_learn/egg-sonic/node_modules/koa/node_modules/koa-compose/index.js:42:32)
    at i18n (/Users/zhangmeng/Documents/z_node_learn/egg-sonic/node_modules/egg-i18n/app/middleware/i18n.js:13:12)
    at dispatch (/Users/zhangmeng/Documents/z_node_learn/egg-sonic/node_modules/koa/node_modules/koa-compose/index.js:42:32)
    at dispatch (/Users/zhangmeng/Documents/z_node_learn/egg-sonic/node_modules/egg-security/node_modules/koa-compose/index.js:42:32)
    at dta (/Users/zhangmeng/Documents/z_node_learn/egg-sonic/node_modules/egg-security/lib/middlewares/dta.js:12:12)
    at dispatch (/Users/zhangmeng/Documents/z_node_learn/egg-sonic/node_modules/egg-security/node_modules/koa-compose/index.js:42:32)
    at xframe (/Users/zhangmeng/Documents/z_node_learn/egg-sonic/node_modules/egg-security/lib/middlewares/xframe.js:7:11)
    at dispatch (/Users/zhangmeng/Documents/z_node_learn/egg-sonic/node_modules/egg-security/node_modules/koa-compose/index.js:42:32)
    at xssProtection (/Users/zhangmeng/Documents/z_node_learn/egg-sonic/node_modules/egg-security/lib/middlewares/xssProtection.js:7:11)
    at dispatch (/Users/zhangmeng/Documents/z_node_learn/egg-sonic/node_modules/egg-security/node_modules/koa-compose/index.js:42:32)
name: "SequelizeDatabaseError"
parent: {"code":"ER_BAD_FIELD_ERROR","errno":1054,"sqlState":"42S22","sqlMessage":"Unknown column 'Users.user' in 'where clause'","sql":"SELECT `id`, `user_id`, `name`, `password`, `real_name`, `user_role`, `headimg`, `login_time` FROM `user` AS `Users` WHERE `Users`.`user` = 'admin' AND `Users`.`password` = '21232f297a57a5a743894a0e4a801fc3';"}
original: {"code":"ER_BAD_FIELD_ERROR","errno":1054,"sqlState":"42S22","sqlMessage":"Unknown column 'Users.user' in 'where clause'","sql":"SELECT `id`, `user_id`, `name`, `password`, `real_name`, `user_role`, `headimg`, `login_time` FROM `user` AS `Users` WHERE `Users`.`user` = 'admin' AND `Users`.`password` = '21232f297a57a5a743894a0e4a801fc3';"}
sql: "SELECT `id`, `user_id`, `name`, `password`, `real_name`, `user_role`, `headimg`, `login_time` FROM `user` AS `Users` WHERE `Users`.`user` = 'admin' AND `Users`.`password` = '21232f297a57a5a743894a0e4a801fc3';"
parameters: undefined
pid: 3837
hostname: localhost

2020-08-13 18:47:00,020 ERROR 3865 [-/127.0.0.1/-/5ms POST /user/login] nodejs.TypeError: Cannot read property 'user_id' of undefined
    at UserService.login (/Users/zhangmeng/Documents/z_node_learn/egg-sonic/app/service/user.js:33:25)
    at async UserController.login (/Users/zhangmeng/Documents/z_node_learn/egg-sonic/app/controller/user.js:7:17)
    at async /Users/zhangmeng/Documents/z_node_learn/egg-sonic/node_modules/egg-development/app/middleware/egg_loader_trace.js:9:50
    at async xframe (/Users/zhangmeng/Documents/z_node_learn/egg-sonic/node_modules/egg-security/lib/middlewares/xframe.js:7:5)
    at async xssProtection (/Users/zhangmeng/Documents/z_node_learn/egg-sonic/node_modules/egg-security/lib/middlewares/xssProtection.js:7:5)
    at async nosniff (/Users/zhangmeng/Documents/z_node_learn/egg-sonic/node_modules/egg-security/lib/middlewares/nosniff.js:8:5)
    at async noopen (/Users/zhangmeng/Documents/z_node_learn/egg-sonic/node_modules/egg-security/lib/middlewares/noopen.js:8:5)
    at async session (/Users/zhangmeng/Documents/z_node_learn/egg-sonic/node_modules/koa-session/index.js:41:7)
    at async bodyParser (/Users/zhangmeng/Documents/z_node_learn/egg-sonic/node_modules/koa-bodyparser/index.js:95:5)
    at async /Users/zhangmeng/Documents/z_node_learn/egg-sonic/node_modules/koa-static-cache/index.js:39:63
    at async notfound (/Users/zhangmeng/Documents/z_node_learn/egg-sonic/node_modules/egg/app/middleware/notfound.js:5:5)
    at async meta (/Users/zhangmeng/Documents/z_node_learn/egg-sonic/node_modules/egg/app/middleware/meta.js:12:5)
    at async cors (/Users/zhangmeng/Documents/z_node_learn/egg-sonic/node_modules/@koa/cors/index.js:56:32)

pid: 3865
hostname: localhost

2020-08-13 18:47:30,512 ERROR 3865 [-/127.0.0.1/-/8ms POST /user/login] nodejs.TypeError: Cannot read property 'user_id' of undefined
    at UserService.login (/Users/zhangmeng/Documents/z_node_learn/egg-sonic/app/service/user.js:33:25)
    at async UserController.login (/Users/zhangmeng/Documents/z_node_learn/egg-sonic/app/controller/user.js:7:17)
    at async /Users/zhangmeng/Documents/z_node_learn/egg-sonic/node_modules/egg-development/app/middleware/egg_loader_trace.js:9:50
    at async xframe (/Users/zhangmeng/Documents/z_node_learn/egg-sonic/node_modules/egg-security/lib/middlewares/xframe.js:7:5)
    at async xssProtection (/Users/zhangmeng/Documents/z_node_learn/egg-sonic/node_modules/egg-security/lib/middlewares/xssProtection.js:7:5)
    at async nosniff (/Users/zhangmeng/Documents/z_node_learn/egg-sonic/node_modules/egg-security/lib/middlewares/nosniff.js:8:5)
    at async noopen (/Users/zhangmeng/Documents/z_node_learn/egg-sonic/node_modules/egg-security/lib/middlewares/noopen.js:8:5)
    at async session (/Users/zhangmeng/Documents/z_node_learn/egg-sonic/node_modules/koa-session/index.js:41:7)
    at async bodyParser (/Users/zhangmeng/Documents/z_node_learn/egg-sonic/node_modules/koa-bodyparser/index.js:95:5)
    at async /Users/zhangmeng/Documents/z_node_learn/egg-sonic/node_modules/koa-static-cache/index.js:39:63
    at async notfound (/Users/zhangmeng/Documents/z_node_learn/egg-sonic/node_modules/egg/app/middleware/notfound.js:5:5)
    at async meta (/Users/zhangmeng/Documents/z_node_learn/egg-sonic/node_modules/egg/app/middleware/meta.js:12:5)
    at async cors (/Users/zhangmeng/Documents/z_node_learn/egg-sonic/node_modules/@koa/cors/index.js:56:32)

pid: 3865
hostname: localhost

2020-08-13 18:49:19,296 ERROR 3868 [-/127.0.0.1/-/5ms POST /user/login] nodejs.TypeError: Cannot read property 'user_id' of undefined
    at UserService.login (/Users/zhangmeng/Documents/z_node_learn/egg-sonic/app/service/user.js:30:16)
    at async UserController.login (/Users/zhangmeng/Documents/z_node_learn/egg-sonic/app/controller/user.js:7:17)
    at async /Users/zhangmeng/Documents/z_node_learn/egg-sonic/node_modules/egg-development/app/middleware/egg_loader_trace.js:9:50
    at async xframe (/Users/zhangmeng/Documents/z_node_learn/egg-sonic/node_modules/egg-security/lib/middlewares/xframe.js:7:5)
    at async xssProtection (/Users/zhangmeng/Documents/z_node_learn/egg-sonic/node_modules/egg-security/lib/middlewares/xssProtection.js:7:5)
    at async nosniff (/Users/zhangmeng/Documents/z_node_learn/egg-sonic/node_modules/egg-security/lib/middlewares/nosniff.js:8:5)
    at async noopen (/Users/zhangmeng/Documents/z_node_learn/egg-sonic/node_modules/egg-security/lib/middlewares/noopen.js:8:5)
    at async session (/Users/zhangmeng/Documents/z_node_learn/egg-sonic/node_modules/koa-session/index.js:41:7)
    at async bodyParser (/Users/zhangmeng/Documents/z_node_learn/egg-sonic/node_modules/koa-bodyparser/index.js:95:5)
    at async /Users/zhangmeng/Documents/z_node_learn/egg-sonic/node_modules/koa-static-cache/index.js:39:63
    at async notfound (/Users/zhangmeng/Documents/z_node_learn/egg-sonic/node_modules/egg/app/middleware/notfound.js:5:5)
    at async meta (/Users/zhangmeng/Documents/z_node_learn/egg-sonic/node_modules/egg/app/middleware/meta.js:12:5)
    at async cors (/Users/zhangmeng/Documents/z_node_learn/egg-sonic/node_modules/@koa/cors/index.js:56:32)

pid: 3868
hostname: localhost

2020-08-13 18:49:37,905 ERROR 3868 [-/127.0.0.1/-/8ms POST /user/login] nodejs.TypeError: Cannot read property 'user_id' of undefined
    at UserService.login (/Users/zhangmeng/Documents/z_node_learn/egg-sonic/app/service/user.js:30:16)
    at async UserController.login (/Users/zhangmeng/Documents/z_node_learn/egg-sonic/app/controller/user.js:7:17)
    at async /Users/zhangmeng/Documents/z_node_learn/egg-sonic/node_modules/egg-development/app/middleware/egg_loader_trace.js:9:50
    at async xframe (/Users/zhangmeng/Documents/z_node_learn/egg-sonic/node_modules/egg-security/lib/middlewares/xframe.js:7:5)
    at async xssProtection (/Users/zhangmeng/Documents/z_node_learn/egg-sonic/node_modules/egg-security/lib/middlewares/xssProtection.js:7:5)
    at async nosniff (/Users/zhangmeng/Documents/z_node_learn/egg-sonic/node_modules/egg-security/lib/middlewares/nosniff.js:8:5)
    at async noopen (/Users/zhangmeng/Documents/z_node_learn/egg-sonic/node_modules/egg-security/lib/middlewares/noopen.js:8:5)
    at async session (/Users/zhangmeng/Documents/z_node_learn/egg-sonic/node_modules/koa-session/index.js:41:7)
    at async bodyParser (/Users/zhangmeng/Documents/z_node_learn/egg-sonic/node_modules/koa-bodyparser/index.js:95:5)
    at async /Users/zhangmeng/Documents/z_node_learn/egg-sonic/node_modules/koa-static-cache/index.js:39:63
    at async notfound (/Users/zhangmeng/Documents/z_node_learn/egg-sonic/node_modules/egg/app/middleware/notfound.js:5:5)
    at async meta (/Users/zhangmeng/Documents/z_node_learn/egg-sonic/node_modules/egg/app/middleware/meta.js:12:5)
    at async cors (/Users/zhangmeng/Documents/z_node_learn/egg-sonic/node_modules/@koa/cors/index.js:56:32)

pid: 3868
hostname: localhost

2020-08-13 18:51:05,180 ERROR 3871 [-/127.0.0.1/-/22ms POST /user/login] nodejs.TypeError: Cannot read property 'user_id' of undefined
    at UserService.login (/Users/zhangmeng/Documents/z_node_learn/egg-sonic/app/service/user.js:36:25)
    at async UserController.login (/Users/zhangmeng/Documents/z_node_learn/egg-sonic/app/controller/user.js:7:17)
    at async /Users/zhangmeng/Documents/z_node_learn/egg-sonic/node_modules/egg-development/app/middleware/egg_loader_trace.js:9:50
    at async xframe (/Users/zhangmeng/Documents/z_node_learn/egg-sonic/node_modules/egg-security/lib/middlewares/xframe.js:7:5)
    at async xssProtection (/Users/zhangmeng/Documents/z_node_learn/egg-sonic/node_modules/egg-security/lib/middlewares/xssProtection.js:7:5)
    at async nosniff (/Users/zhangmeng/Documents/z_node_learn/egg-sonic/node_modules/egg-security/lib/middlewares/nosniff.js:8:5)
    at async noopen (/Users/zhangmeng/Documents/z_node_learn/egg-sonic/node_modules/egg-security/lib/middlewares/noopen.js:8:5)
    at async session (/Users/zhangmeng/Documents/z_node_learn/egg-sonic/node_modules/koa-session/index.js:41:7)
    at async bodyParser (/Users/zhangmeng/Documents/z_node_learn/egg-sonic/node_modules/koa-bodyparser/index.js:95:5)
    at async /Users/zhangmeng/Documents/z_node_learn/egg-sonic/node_modules/koa-static-cache/index.js:39:63
    at async notfound (/Users/zhangmeng/Documents/z_node_learn/egg-sonic/node_modules/egg/app/middleware/notfound.js:5:5)
    at async meta (/Users/zhangmeng/Documents/z_node_learn/egg-sonic/node_modules/egg/app/middleware/meta.js:12:5)
    at async cors (/Users/zhangmeng/Documents/z_node_learn/egg-sonic/node_modules/@koa/cors/index.js:56:32)

pid: 3871
hostname: localhost

2020-08-13 18:55:04,457 ERROR 3875 [-/127.0.0.1/-/25ms POST /user/login] nodejs.ReferenceError: app is not defined
    at UserService.getToken (/Users/zhangmeng/Documents/z_node_learn/egg-sonic/app/service/user.js:85:8)
    at UserService.login (/Users/zhangmeng/Documents/z_node_learn/egg-sonic/app/service/user.js:40:21)
    at async UserController.login (/Users/zhangmeng/Documents/z_node_learn/egg-sonic/app/controller/user.js:7:17)
    at async /Users/zhangmeng/Documents/z_node_learn/egg-sonic/node_modules/egg-development/app/middleware/egg_loader_trace.js:9:50
    at async xframe (/Users/zhangmeng/Documents/z_node_learn/egg-sonic/node_modules/egg-security/lib/middlewares/xframe.js:7:5)
    at async xssProtection (/Users/zhangmeng/Documents/z_node_learn/egg-sonic/node_modules/egg-security/lib/middlewares/xssProtection.js:7:5)
    at async nosniff (/Users/zhangmeng/Documents/z_node_learn/egg-sonic/node_modules/egg-security/lib/middlewares/nosniff.js:8:5)
    at async noopen (/Users/zhangmeng/Documents/z_node_learn/egg-sonic/node_modules/egg-security/lib/middlewares/noopen.js:8:5)
    at async session (/Users/zhangmeng/Documents/z_node_learn/egg-sonic/node_modules/koa-session/index.js:41:7)
    at async bodyParser (/Users/zhangmeng/Documents/z_node_learn/egg-sonic/node_modules/koa-bodyparser/index.js:95:5)
    at async /Users/zhangmeng/Documents/z_node_learn/egg-sonic/node_modules/koa-static-cache/index.js:39:63
    at async notfound (/Users/zhangmeng/Documents/z_node_learn/egg-sonic/node_modules/egg/app/middleware/notfound.js:5:5)
    at async meta (/Users/zhangmeng/Documents/z_node_learn/egg-sonic/node_modules/egg/app/middleware/meta.js:12:5)
    at async cors (/Users/zhangmeng/Documents/z_node_learn/egg-sonic/node_modules/@koa/cors/index.js:56:32)

pid: 3875
hostname: localhost

2020-08-13 18:56:32,370 ERROR 3875 [-/127.0.0.1/-/8ms POST /user/login] nodejs.ReferenceError: app is not defined
    at UserService.getToken (/Users/zhangmeng/Documents/z_node_learn/egg-sonic/app/service/user.js:85:8)
    at UserService.login (/Users/zhangmeng/Documents/z_node_learn/egg-sonic/app/service/user.js:40:21)
    at async UserController.login (/Users/zhangmeng/Documents/z_node_learn/egg-sonic/app/controller/user.js:7:17)
    at async /Users/zhangmeng/Documents/z_node_learn/egg-sonic/node_modules/egg-development/app/middleware/egg_loader_trace.js:9:50
    at async xframe (/Users/zhangmeng/Documents/z_node_learn/egg-sonic/node_modules/egg-security/lib/middlewares/xframe.js:7:5)
    at async xssProtection (/Users/zhangmeng/Documents/z_node_learn/egg-sonic/node_modules/egg-security/lib/middlewares/xssProtection.js:7:5)
    at async nosniff (/Users/zhangmeng/Documents/z_node_learn/egg-sonic/node_modules/egg-security/lib/middlewares/nosniff.js:8:5)
    at async noopen (/Users/zhangmeng/Documents/z_node_learn/egg-sonic/node_modules/egg-security/lib/middlewares/noopen.js:8:5)
    at async session (/Users/zhangmeng/Documents/z_node_learn/egg-sonic/node_modules/koa-session/index.js:41:7)
    at async bodyParser (/Users/zhangmeng/Documents/z_node_learn/egg-sonic/node_modules/koa-bodyparser/index.js:95:5)
    at async /Users/zhangmeng/Documents/z_node_learn/egg-sonic/node_modules/koa-static-cache/index.js:39:63
    at async notfound (/Users/zhangmeng/Documents/z_node_learn/egg-sonic/node_modules/egg/app/middleware/notfound.js:5:5)
    at async meta (/Users/zhangmeng/Documents/z_node_learn/egg-sonic/node_modules/egg/app/middleware/meta.js:12:5)
    at async cors (/Users/zhangmeng/Documents/z_node_learn/egg-sonic/node_modules/@koa/cors/index.js:56:32)

pid: 3875
hostname: localhost

2020-08-14 14:17:09,150 ERROR 2072 [-/127.0.0.1/-/15ms POST /user/login] nodejs.InternalServerError: unknown error
    at Object.throw (/Users/zhangmeng/Documents/z_node_learn/egg-sonic/node_modules/koa/lib/context.js:97:11)
    at UserService.checkSuccess (/Users/zhangmeng/Documents/z_node_learn/egg-sonic/app/service/user.js:100:21)
    at UserService.login (/Users/zhangmeng/Documents/z_node_learn/egg-sonic/app/service/user.js:27:10)
    at async UserController.login (/Users/zhangmeng/Documents/z_node_learn/egg-sonic/app/controller/user.js:15:17)
    at async /Users/zhangmeng/Documents/z_node_learn/egg-sonic/node_modules/egg-development/app/middleware/egg_loader_trace.js:9:50
    at async xframe (/Users/zhangmeng/Documents/z_node_learn/egg-sonic/node_modules/egg-security/lib/middlewares/xframe.js:7:5)
    at async xssProtection (/Users/zhangmeng/Documents/z_node_learn/egg-sonic/node_modules/egg-security/lib/middlewares/xssProtection.js:7:5)
    at async nosniff (/Users/zhangmeng/Documents/z_node_learn/egg-sonic/node_modules/egg-security/lib/middlewares/nosniff.js:8:5)
    at async noopen (/Users/zhangmeng/Documents/z_node_learn/egg-sonic/node_modules/egg-security/lib/middlewares/noopen.js:8:5)
    at async session (/Users/zhangmeng/Documents/z_node_learn/egg-sonic/node_modules/koa-session/index.js:41:7)
    at async bodyParser (/Users/zhangmeng/Documents/z_node_learn/egg-sonic/node_modules/koa-bodyparser/index.js:95:5)
    at async /Users/zhangmeng/Documents/z_node_learn/egg-sonic/node_modules/koa-static-cache/index.js:39:63
    at async notfound (/Users/zhangmeng/Documents/z_node_learn/egg-sonic/node_modules/egg/app/middleware/notfound.js:5:5)
    at async meta (/Users/zhangmeng/Documents/z_node_learn/egg-sonic/node_modules/egg/app/middleware/meta.js:12:5)
    at async cors (/Users/zhangmeng/Documents/z_node_learn/egg-sonic/node_modules/@koa/cors/index.js:56:32)
message: "unknown error"
pid: 2072
hostname: bogon

2020-08-14 16:25:41,996 ERROR 2336 [-/127.0.0.1/-/14ms POST /login] nodejs.ReferenceError: debug is not defined
    at Strategy._verify (/Users/zhangmeng/Documents/z_node_learn/egg-sonic/app.js:33:5)
    at Strategy.authenticate (/Users/zhangmeng/Documents/z_node_learn/egg-sonic/node_modules/passport-local/lib/strategy.js:88:12)
    at attempt (/Users/zhangmeng/Documents/z_node_learn/egg-sonic/node_modules/passport/lib/middleware/authenticate.js:348:16)
    at authenticate (/Users/zhangmeng/Documents/z_node_learn/egg-sonic/node_modules/passport/lib/middleware/authenticate.js:349:7)
    at /Users/zhangmeng/Documents/z_node_learn/egg-sonic/node_modules/egg-passport/lib/framework.js:83:7
    at new Promise (<anonymous>)
    at Object.passportAuthenticate (/Users/zhangmeng/Documents/z_node_learn/egg-sonic/node_modules/egg-passport/lib/framework.js:77:11)
    at Object.callFn (/Users/zhangmeng/Documents/z_node_learn/egg-sonic/node_modules/@eggjs/router/lib/utils.js:12:21)
    at wrappedController (/Users/zhangmeng/Documents/z_node_learn/egg-sonic/node_modules/@eggjs/router/lib/egg_router.js:322:18)
    at dispatch (/Users/zhangmeng/Documents/z_node_learn/egg-sonic/node_modules/koa-compose/index.js:44:32)
    at next (/Users/zhangmeng/Documents/z_node_learn/egg-sonic/node_modules/koa-compose/index.js:45:18)
    at /Users/zhangmeng/Documents/z_node_learn/egg-sonic/node_modules/@eggjs/router/lib/router.js:190:18
    at dispatch (/Users/zhangmeng/Documents/z_node_learn/egg-sonic/node_modules/koa-compose/index.js:44:32)
    at /Users/zhangmeng/Documents/z_node_learn/egg-sonic/node_modules/koa-compose/index.js:36:12
    at dispatch (/Users/zhangmeng/Documents/z_node_learn/egg-sonic/node_modules/@eggjs/router/lib/router.js:195:33)
    at dispatch (/Users/zhangmeng/Documents/z_node_learn/egg-sonic/node_modules/koa/node_modules/koa-compose/index.js:42:32)
    at fn (/Users/zhangmeng/Documents/z_node_learn/egg-sonic/node_modules/egg-core/lib/loader/mixin/middleware.js:111:29)
    at dispatch (/Users/zhangmeng/Documents/z_node_learn/egg-sonic/node_modules/koa/node_modules/koa-compose/index.js:42:32)
    at passportSession (/Users/zhangmeng/Documents/z_node_learn/egg-sonic/node_modules/egg-passport/lib/framework.js:59:12)
    at dispatch (/Users/zhangmeng/Documents/z_node_learn/egg-sonic/node_modules/koa/node_modules/koa-compose/index.js:42:32)
    at passportInitialize (/Users/zhangmeng/Documents/z_node_learn/egg-sonic/node_modules/egg-passport/lib/framework.js:36:12)
    at dispatch (/Users/zhangmeng/Documents/z_node_learn/egg-sonic/node_modules/koa/node_modules/koa-compose/index.js:42:32)

pid: 2336
hostname: zhangmengdeMacBook-Pro.local

2020-08-14 17:11:29,185 ERROR 2385 [-/127.0.0.1/-/16ms POST /user/login] nodejs.TypeError: ctx.service.user.isValidUser is not a function
    at UserController.login (/Users/zhangmeng/Documents/z_node_learn/egg-sonic/app/controller/user.js:21:46)
    at Object.callFn (/Users/zhangmeng/Documents/z_node_learn/egg-sonic/node_modules/egg-core/lib/utils/index.js:44:21)
    at Object.classControllerMiddleware (/Users/zhangmeng/Documents/z_node_learn/egg-sonic/node_modules/egg-core/lib/loader/mixin/controller.js:87:20)
    at Object.callFn (/Users/zhangmeng/Documents/z_node_learn/egg-sonic/node_modules/@eggjs/router/lib/utils.js:12:21)
    at wrappedController (/Users/zhangmeng/Documents/z_node_learn/egg-sonic/node_modules/@eggjs/router/lib/egg_router.js:322:18)
    at dispatch (/Users/zhangmeng/Documents/z_node_learn/egg-sonic/node_modules/koa-compose/index.js:44:32)
    at next (/Users/zhangmeng/Documents/z_node_learn/egg-sonic/node_modules/koa-compose/index.js:45:18)
    at /Users/zhangmeng/Documents/z_node_learn/egg-sonic/node_modules/@eggjs/router/lib/router.js:190:18
    at dispatch (/Users/zhangmeng/Documents/z_node_learn/egg-sonic/node_modules/koa-compose/index.js:44:32)
    at /Users/zhangmeng/Documents/z_node_learn/egg-sonic/node_modules/koa-compose/index.js:36:12
    at dispatch (/Users/zhangmeng/Documents/z_node_learn/egg-sonic/node_modules/@eggjs/router/lib/router.js:195:33)
    at dispatch (/Users/zhangmeng/Documents/z_node_learn/egg-sonic/node_modules/koa/node_modules/koa-compose/index.js:42:32)
    at fn (/Users/zhangmeng/Documents/z_node_learn/egg-sonic/node_modules/egg-core/lib/loader/mixin/middleware.js:111:29)
    at dispatch (/Users/zhangmeng/Documents/z_node_learn/egg-sonic/node_modules/koa/node_modules/koa-compose/index.js:42:32)
    at passportSession (/Users/zhangmeng/Documents/z_node_learn/egg-sonic/node_modules/egg-passport/lib/framework.js:59:12)
    at dispatch (/Users/zhangmeng/Documents/z_node_learn/egg-sonic/node_modules/koa/node_modules/koa-compose/index.js:42:32)
    at passportInitialize (/Users/zhangmeng/Documents/z_node_learn/egg-sonic/node_modules/egg-passport/lib/framework.js:36:12)
    at dispatch (/Users/zhangmeng/Documents/z_node_learn/egg-sonic/node_modules/koa/node_modules/koa-compose/index.js:42:32)
    at /Users/zhangmeng/Documents/z_node_learn/egg-sonic/node_modules/egg-development/app/middleware/egg_loader_trace.js:9:56
    at dispatch (/Users/zhangmeng/Documents/z_node_learn/egg-sonic/node_modules/koa/node_modules/koa-compose/index.js:42:32)
    at i18n (/Users/zhangmeng/Documents/z_node_learn/egg-sonic/node_modules/egg-i18n/app/middleware/i18n.js:13:12)
    at dispatch (/Users/zhangmeng/Documents/z_node_learn/egg-sonic/node_modules/koa/node_modules/koa-compose/index.js:42:32)

pid: 2385
hostname: zhangmengdeMacBook-Pro.local

2020-08-14 17:26:23,455 ERROR 2403 [-/127.0.0.1/-/11ms GET /user] nodejs.TypeError: Cannot read property 'findAll' of undefined
    at UserService.getUser (/Users/zhangmeng/Documents/z_node_learn/egg-sonic/app/service/user.js:93:33)
    at UserController.index (/Users/zhangmeng/Documents/z_node_learn/egg-sonic/app/controller/user.js:40:39)
    at Object.callFn (/Users/zhangmeng/Documents/z_node_learn/egg-sonic/node_modules/egg-core/lib/utils/index.js:44:21)
    at Object.classControllerMiddleware (/Users/zhangmeng/Documents/z_node_learn/egg-sonic/node_modules/egg-core/lib/loader/mixin/controller.js:87:20)
    at Object.callFn (/Users/zhangmeng/Documents/z_node_learn/egg-sonic/node_modules/@eggjs/router/lib/utils.js:12:21)
    at wrappedController (/Users/zhangmeng/Documents/z_node_learn/egg-sonic/node_modules/@eggjs/router/lib/egg_router.js:322:18)
    at dispatch (/Users/zhangmeng/Documents/z_node_learn/egg-sonic/node_modules/koa-compose/index.js:44:32)
    at next (/Users/zhangmeng/Documents/z_node_learn/egg-sonic/node_modules/koa-compose/index.js:45:18)
    at /Users/zhangmeng/Documents/z_node_learn/egg-sonic/node_modules/@eggjs/router/lib/router.js:190:18
    at dispatch (/Users/zhangmeng/Documents/z_node_learn/egg-sonic/node_modules/koa-compose/index.js:44:32)
    at /Users/zhangmeng/Documents/z_node_learn/egg-sonic/node_modules/koa-compose/index.js:36:12
    at dispatch (/Users/zhangmeng/Documents/z_node_learn/egg-sonic/node_modules/@eggjs/router/lib/router.js:195:33)
    at dispatch (/Users/zhangmeng/Documents/z_node_learn/egg-sonic/node_modules/koa/node_modules/koa-compose/index.js:42:32)
    at fn (/Users/zhangmeng/Documents/z_node_learn/egg-sonic/node_modules/egg-core/lib/loader/mixin/middleware.js:111:29)
    at dispatch (/Users/zhangmeng/Documents/z_node_learn/egg-sonic/node_modules/koa/node_modules/koa-compose/index.js:42:32)
    at passportSession (/Users/zhangmeng/Documents/z_node_learn/egg-sonic/node_modules/egg-passport/lib/framework.js:59:12)
    at dispatch (/Users/zhangmeng/Documents/z_node_learn/egg-sonic/node_modules/koa/node_modules/koa-compose/index.js:42:32)
    at passportInitialize (/Users/zhangmeng/Documents/z_node_learn/egg-sonic/node_modules/egg-passport/lib/framework.js:36:12)
    at dispatch (/Users/zhangmeng/Documents/z_node_learn/egg-sonic/node_modules/koa/node_modules/koa-compose/index.js:42:32)
    at /Users/zhangmeng/Documents/z_node_learn/egg-sonic/node_modules/egg-development/app/middleware/egg_loader_trace.js:9:56
    at dispatch (/Users/zhangmeng/Documents/z_node_learn/egg-sonic/node_modules/koa/node_modules/koa-compose/index.js:42:32)
    at i18n (/Users/zhangmeng/Documents/z_node_learn/egg-sonic/node_modules/egg-i18n/app/middleware/i18n.js:13:12)

pid: 2403
hostname: zhangmengdeMacBook-Pro.local

2020-08-14 17:26:54,490 ERROR 2435 [-/127.0.0.1/-/6ms GET /user] nodejs.TypeError: Cannot read property 'findAll' of undefined
    at UserService.getUser (/Users/zhangmeng/Documents/z_node_learn/egg-sonic/app/service/user.js:93:33)
    at UserController.index (/Users/zhangmeng/Documents/z_node_learn/egg-sonic/app/controller/user.js:40:39)
    at Object.callFn (/Users/zhangmeng/Documents/z_node_learn/egg-sonic/node_modules/egg-core/lib/utils/index.js:44:21)
    at Object.classControllerMiddleware (/Users/zhangmeng/Documents/z_node_learn/egg-sonic/node_modules/egg-core/lib/loader/mixin/controller.js:87:20)
    at Object.callFn (/Users/zhangmeng/Documents/z_node_learn/egg-sonic/node_modules/@eggjs/router/lib/utils.js:12:21)
    at wrappedController (/Users/zhangmeng/Documents/z_node_learn/egg-sonic/node_modules/@eggjs/router/lib/egg_router.js:322:18)
    at dispatch (/Users/zhangmeng/Documents/z_node_learn/egg-sonic/node_modules/koa-compose/index.js:44:32)
    at next (/Users/zhangmeng/Documents/z_node_learn/egg-sonic/node_modules/koa-compose/index.js:45:18)
    at /Users/zhangmeng/Documents/z_node_learn/egg-sonic/node_modules/@eggjs/router/lib/router.js:190:18
    at dispatch (/Users/zhangmeng/Documents/z_node_learn/egg-sonic/node_modules/koa-compose/index.js:44:32)
    at /Users/zhangmeng/Documents/z_node_learn/egg-sonic/node_modules/koa-compose/index.js:36:12
    at dispatch (/Users/zhangmeng/Documents/z_node_learn/egg-sonic/node_modules/@eggjs/router/lib/router.js:195:33)
    at dispatch (/Users/zhangmeng/Documents/z_node_learn/egg-sonic/node_modules/koa/node_modules/koa-compose/index.js:42:32)
    at fn (/Users/zhangmeng/Documents/z_node_learn/egg-sonic/node_modules/egg-core/lib/loader/mixin/middleware.js:111:29)
    at dispatch (/Users/zhangmeng/Documents/z_node_learn/egg-sonic/node_modules/koa/node_modules/koa-compose/index.js:42:32)
    at passportSession (/Users/zhangmeng/Documents/z_node_learn/egg-sonic/node_modules/egg-passport/lib/framework.js:59:12)
    at dispatch (/Users/zhangmeng/Documents/z_node_learn/egg-sonic/node_modules/koa/node_modules/koa-compose/index.js:42:32)
    at passportInitialize (/Users/zhangmeng/Documents/z_node_learn/egg-sonic/node_modules/egg-passport/lib/framework.js:36:12)
    at dispatch (/Users/zhangmeng/Documents/z_node_learn/egg-sonic/node_modules/koa/node_modules/koa-compose/index.js:42:32)
    at /Users/zhangmeng/Documents/z_node_learn/egg-sonic/node_modules/egg-development/app/middleware/egg_loader_trace.js:9:56
    at dispatch (/Users/zhangmeng/Documents/z_node_learn/egg-sonic/node_modules/koa/node_modules/koa-compose/index.js:42:32)
    at i18n (/Users/zhangmeng/Documents/z_node_learn/egg-sonic/node_modules/egg-i18n/app/middleware/i18n.js:13:12)

pid: 2435
hostname: zhangmengdeMacBook-Pro.local

2020-08-14 17:44:06,128 ERROR 2450 [-/127.0.0.1/-/7ms POST /user/login] nodejs.ReferenceError: data is not defined
    at UserController.login (/Users/zhangmeng/Documents/z_node_learn/egg-sonic/app/controller/user.js:24:21)
    at async /Users/zhangmeng/Documents/z_node_learn/egg-sonic/node_modules/egg-development/app/middleware/egg_loader_trace.js:9:50
    at async xframe (/Users/zhangmeng/Documents/z_node_learn/egg-sonic/node_modules/egg-security/lib/middlewares/xframe.js:7:5)
    at async xssProtection (/Users/zhangmeng/Documents/z_node_learn/egg-sonic/node_modules/egg-security/lib/middlewares/xssProtection.js:7:5)
    at async nosniff (/Users/zhangmeng/Documents/z_node_learn/egg-sonic/node_modules/egg-security/lib/middlewares/nosniff.js:8:5)
    at async noopen (/Users/zhangmeng/Documents/z_node_learn/egg-sonic/node_modules/egg-security/lib/middlewares/noopen.js:8:5)
    at async session (/Users/zhangmeng/Documents/z_node_learn/egg-sonic/node_modules/koa-session/index.js:41:7)
    at async bodyParser (/Users/zhangmeng/Documents/z_node_learn/egg-sonic/node_modules/koa-bodyparser/index.js:95:5)
    at async /Users/zhangmeng/Documents/z_node_learn/egg-sonic/node_modules/koa-static-cache/index.js:39:63
    at async notfound (/Users/zhangmeng/Documents/z_node_learn/egg-sonic/node_modules/egg/app/middleware/notfound.js:5:5)
    at async meta (/Users/zhangmeng/Documents/z_node_learn/egg-sonic/node_modules/egg/app/middleware/meta.js:12:5)
    at async cors (/Users/zhangmeng/Documents/z_node_learn/egg-sonic/node_modules/@koa/cors/index.js:56:32)

pid: 2450
hostname: zhangmengdeMacBook-Pro.local

2020-08-14 17:53:08,247 ERROR 2455 [-/127.0.0.1/-/17ms GET /user/7d24545a716b4f9fb506c6a6582f838d] nodejs.ReferenceError: Cannot access 'res' before initialization
    at UserService.getUser (/Users/zhangmeng/Documents/z_node_learn/egg-sonic/app/service/user.js:103:37)
    at async UserController.show (/Users/zhangmeng/Documents/z_node_learn/egg-sonic/app/controller/user.js:53:16)
    at async middleware (/Users/zhangmeng/Documents/z_node_learn/egg-sonic/node_modules/koa-jwt2/lib/index.js:145:5)
    at async /Users/zhangmeng/Documents/z_node_learn/egg-sonic/node_modules/egg-development/app/middleware/egg_loader_trace.js:9:50
    at async xframe (/Users/zhangmeng/Documents/z_node_learn/egg-sonic/node_modules/egg-security/lib/middlewares/xframe.js:7:5)
    at async xssProtection (/Users/zhangmeng/Documents/z_node_learn/egg-sonic/node_modules/egg-security/lib/middlewares/xssProtection.js:7:5)
    at async nosniff (/Users/zhangmeng/Documents/z_node_learn/egg-sonic/node_modules/egg-security/lib/middlewares/nosniff.js:8:5)
    at async noopen (/Users/zhangmeng/Documents/z_node_learn/egg-sonic/node_modules/egg-security/lib/middlewares/noopen.js:8:5)
    at async session (/Users/zhangmeng/Documents/z_node_learn/egg-sonic/node_modules/koa-session/index.js:41:7)
    at async bodyParser (/Users/zhangmeng/Documents/z_node_learn/egg-sonic/node_modules/koa-bodyparser/index.js:95:5)
    at async /Users/zhangmeng/Documents/z_node_learn/egg-sonic/node_modules/koa-static-cache/index.js:41:56
    at async notfound (/Users/zhangmeng/Documents/z_node_learn/egg-sonic/node_modules/egg/app/middleware/notfound.js:5:5)
    at async meta (/Users/zhangmeng/Documents/z_node_learn/egg-sonic/node_modules/egg/app/middleware/meta.js:12:5)
    at async cors (/Users/zhangmeng/Documents/z_node_learn/egg-sonic/node_modules/@koa/cors/index.js:56:32)

pid: 2455
hostname: zhangmengdeMacBook-Pro.local

2020-08-14 17:54:51,243 ERROR 2456 [-/127.0.0.1/-/19ms GET /user/7d24545a716b4f9fb506c6a6582f838d] nodejs.ReferenceError: Cannot access 'res' before initialization
    at UserService.getUser (/Users/zhangmeng/Documents/z_node_learn/egg-sonic/app/service/user.js:104:38)
    at async UserController.show (/Users/zhangmeng/Documents/z_node_learn/egg-sonic/app/controller/user.js:53:16)
    at async middleware (/Users/zhangmeng/Documents/z_node_learn/egg-sonic/node_modules/koa-jwt2/lib/index.js:145:5)
    at async /Users/zhangmeng/Documents/z_node_learn/egg-sonic/node_modules/egg-development/app/middleware/egg_loader_trace.js:9:50
    at async xframe (/Users/zhangmeng/Documents/z_node_learn/egg-sonic/node_modules/egg-security/lib/middlewares/xframe.js:7:5)
    at async xssProtection (/Users/zhangmeng/Documents/z_node_learn/egg-sonic/node_modules/egg-security/lib/middlewares/xssProtection.js:7:5)
    at async nosniff (/Users/zhangmeng/Documents/z_node_learn/egg-sonic/node_modules/egg-security/lib/middlewares/nosniff.js:8:5)
    at async noopen (/Users/zhangmeng/Documents/z_node_learn/egg-sonic/node_modules/egg-security/lib/middlewares/noopen.js:8:5)
    at async session (/Users/zhangmeng/Documents/z_node_learn/egg-sonic/node_modules/koa-session/index.js:41:7)
    at async bodyParser (/Users/zhangmeng/Documents/z_node_learn/egg-sonic/node_modules/koa-bodyparser/index.js:95:5)
    at async /Users/zhangmeng/Documents/z_node_learn/egg-sonic/node_modules/koa-static-cache/index.js:41:56
    at async notfound (/Users/zhangmeng/Documents/z_node_learn/egg-sonic/node_modules/egg/app/middleware/notfound.js:5:5)
    at async meta (/Users/zhangmeng/Documents/z_node_learn/egg-sonic/node_modules/egg/app/middleware/meta.js:12:5)
    at async cors (/Users/zhangmeng/Documents/z_node_learn/egg-sonic/node_modules/@koa/cors/index.js:56:32)

pid: 2456
hostname: zhangmengdeMacBook-Pro.local

2020-08-14 17:55:08,373 ERROR 2456 [-/127.0.0.1/-/4ms GET /user/57c4dda0b42511e999baa1190ae09435] nodejs.ReferenceError: Cannot access 'res' before initialization
    at UserService.getUser (/Users/zhangmeng/Documents/z_node_learn/egg-sonic/app/service/user.js:104:38)
    at async UserController.show (/Users/zhangmeng/Documents/z_node_learn/egg-sonic/app/controller/user.js:53:16)
    at async middleware (/Users/zhangmeng/Documents/z_node_learn/egg-sonic/node_modules/koa-jwt2/lib/index.js:145:5)
    at async /Users/zhangmeng/Documents/z_node_learn/egg-sonic/node_modules/egg-development/app/middleware/egg_loader_trace.js:9:50
    at async xframe (/Users/zhangmeng/Documents/z_node_learn/egg-sonic/node_modules/egg-security/lib/middlewares/xframe.js:7:5)
    at async xssProtection (/Users/zhangmeng/Documents/z_node_learn/egg-sonic/node_modules/egg-security/lib/middlewares/xssProtection.js:7:5)
    at async nosniff (/Users/zhangmeng/Documents/z_node_learn/egg-sonic/node_modules/egg-security/lib/middlewares/nosniff.js:8:5)
    at async noopen (/Users/zhangmeng/Documents/z_node_learn/egg-sonic/node_modules/egg-security/lib/middlewares/noopen.js:8:5)
    at async session (/Users/zhangmeng/Documents/z_node_learn/egg-sonic/node_modules/koa-session/index.js:41:7)
    at async bodyParser (/Users/zhangmeng/Documents/z_node_learn/egg-sonic/node_modules/koa-bodyparser/index.js:95:5)
    at async /Users/zhangmeng/Documents/z_node_learn/egg-sonic/node_modules/koa-static-cache/index.js:41:56
    at async notfound (/Users/zhangmeng/Documents/z_node_learn/egg-sonic/node_modules/egg/app/middleware/notfound.js:5:5)
    at async meta (/Users/zhangmeng/Documents/z_node_learn/egg-sonic/node_modules/egg/app/middleware/meta.js:12:5)
    at async cors (/Users/zhangmeng/Documents/z_node_learn/egg-sonic/node_modules/@koa/cors/index.js:56:32)

pid: 2456
hostname: zhangmengdeMacBook-Pro.local

2020-08-14 17:55:31,548 ERROR 2456 [-/127.0.0.1/-/7ms GET /user/57c4dda0b42511e999baa1190ae09435] nodejs.ReferenceError: Cannot access 'res' before initialization
    at UserService.getUser (/Users/zhangmeng/Documents/z_node_learn/egg-sonic/app/service/user.js:104:38)
    at async UserController.show (/Users/zhangmeng/Documents/z_node_learn/egg-sonic/app/controller/user.js:53:16)
    at async middleware (/Users/zhangmeng/Documents/z_node_learn/egg-sonic/node_modules/koa-jwt2/lib/index.js:145:5)
    at async /Users/zhangmeng/Documents/z_node_learn/egg-sonic/node_modules/egg-development/app/middleware/egg_loader_trace.js:9:50
    at async xframe (/Users/zhangmeng/Documents/z_node_learn/egg-sonic/node_modules/egg-security/lib/middlewares/xframe.js:7:5)
    at async xssProtection (/Users/zhangmeng/Documents/z_node_learn/egg-sonic/node_modules/egg-security/lib/middlewares/xssProtection.js:7:5)
    at async nosniff (/Users/zhangmeng/Documents/z_node_learn/egg-sonic/node_modules/egg-security/lib/middlewares/nosniff.js:8:5)
    at async noopen (/Users/zhangmeng/Documents/z_node_learn/egg-sonic/node_modules/egg-security/lib/middlewares/noopen.js:8:5)
    at async session (/Users/zhangmeng/Documents/z_node_learn/egg-sonic/node_modules/koa-session/index.js:41:7)
    at async bodyParser (/Users/zhangmeng/Documents/z_node_learn/egg-sonic/node_modules/koa-bodyparser/index.js:95:5)
    at async /Users/zhangmeng/Documents/z_node_learn/egg-sonic/node_modules/koa-static-cache/index.js:41:56
    at async notfound (/Users/zhangmeng/Documents/z_node_learn/egg-sonic/node_modules/egg/app/middleware/notfound.js:5:5)
    at async meta (/Users/zhangmeng/Documents/z_node_learn/egg-sonic/node_modules/egg/app/middleware/meta.js:12:5)
    at async cors (/Users/zhangmeng/Documents/z_node_learn/egg-sonic/node_modules/@koa/cors/index.js:56:32)

pid: 2456
hostname: zhangmengdeMacBook-Pro.local

2020-08-14 18:15:53,270 ERROR 2526 [-/127.0.0.1/-/8ms GET /user/7d24545a716b4f9fb506c6a6582f838d] nodejs.TypeError: Cannot read property 'cloneDeep' of undefined
    at UserService.getUser (/Users/zhangmeng/Documents/z_node_learn/egg-sonic/app/service/user.js:94:25)
    at UserController.show (/Users/zhangmeng/Documents/z_node_learn/egg-sonic/app/controller/user.js:53:39)
    at Object.callFn (/Users/zhangmeng/Documents/z_node_learn/egg-sonic/node_modules/egg-core/lib/utils/index.js:44:21)
    at Object.classControllerMiddleware (/Users/zhangmeng/Documents/z_node_learn/egg-sonic/node_modules/egg-core/lib/loader/mixin/controller.js:87:20)
    at Object.callFn (/Users/zhangmeng/Documents/z_node_learn/egg-sonic/node_modules/@eggjs/router/lib/utils.js:12:21)
    at wrappedController (/Users/zhangmeng/Documents/z_node_learn/egg-sonic/node_modules/@eggjs/router/lib/egg_router.js:322:18)
    at dispatch (/Users/zhangmeng/Documents/z_node_learn/egg-sonic/node_modules/koa-compose/index.js:44:32)
    at next (/Users/zhangmeng/Documents/z_node_learn/egg-sonic/node_modules/koa-compose/index.js:45:18)
    at middleware (/Users/zhangmeng/Documents/z_node_learn/egg-sonic/node_modules/koa-jwt2/lib/index.js:145:11)
    at processTicksAndRejections (internal/process/task_queues.js:93:5)
    at async /Users/zhangmeng/Documents/z_node_learn/egg-sonic/node_modules/egg-development/app/middleware/egg_loader_trace.js:9:50
    at async xframe (/Users/zhangmeng/Documents/z_node_learn/egg-sonic/node_modules/egg-security/lib/middlewares/xframe.js:7:5)
    at async xssProtection (/Users/zhangmeng/Documents/z_node_learn/egg-sonic/node_modules/egg-security/lib/middlewares/xssProtection.js:7:5)
    at async nosniff (/Users/zhangmeng/Documents/z_node_learn/egg-sonic/node_modules/egg-security/lib/middlewares/nosniff.js:8:5)
    at async noopen (/Users/zhangmeng/Documents/z_node_learn/egg-sonic/node_modules/egg-security/lib/middlewares/noopen.js:8:5)
    at async session (/Users/zhangmeng/Documents/z_node_learn/egg-sonic/node_modules/koa-session/index.js:41:7)
    at async bodyParser (/Users/zhangmeng/Documents/z_node_learn/egg-sonic/node_modules/koa-bodyparser/index.js:95:5)
    at async /Users/zhangmeng/Documents/z_node_learn/egg-sonic/node_modules/koa-static-cache/index.js:41:56
    at async notfound (/Users/zhangmeng/Documents/z_node_learn/egg-sonic/node_modules/egg/app/middleware/notfound.js:5:5)
    at async meta (/Users/zhangmeng/Documents/z_node_learn/egg-sonic/node_modules/egg/app/middleware/meta.js:12:5)
    at async cors (/Users/zhangmeng/Documents/z_node_learn/egg-sonic/node_modules/@koa/cors/index.js:56:32)

pid: 2526
hostname: zhangmengdeMacBook-Pro.local

2020-08-14 18:16:45,352 ERROR 2528 [-/127.0.0.1/-/8ms GET /user/7d24545a716b4f9fb506c6a6582f838d] nodejs.TypeError: Cannot read property 'cloneDeep' of undefined
    at UserService.getUser (/Users/zhangmeng/Documents/z_node_learn/egg-sonic/app/service/user.js:94:30)
    at UserController.show (/Users/zhangmeng/Documents/z_node_learn/egg-sonic/app/controller/user.js:53:39)
    at Object.callFn (/Users/zhangmeng/Documents/z_node_learn/egg-sonic/node_modules/egg-core/lib/utils/index.js:44:21)
    at Object.classControllerMiddleware (/Users/zhangmeng/Documents/z_node_learn/egg-sonic/node_modules/egg-core/lib/loader/mixin/controller.js:87:20)
    at Object.callFn (/Users/zhangmeng/Documents/z_node_learn/egg-sonic/node_modules/@eggjs/router/lib/utils.js:12:21)
    at wrappedController (/Users/zhangmeng/Documents/z_node_learn/egg-sonic/node_modules/@eggjs/router/lib/egg_router.js:322:18)
    at dispatch (/Users/zhangmeng/Documents/z_node_learn/egg-sonic/node_modules/koa-compose/index.js:44:32)
    at next (/Users/zhangmeng/Documents/z_node_learn/egg-sonic/node_modules/koa-compose/index.js:45:18)
    at middleware (/Users/zhangmeng/Documents/z_node_learn/egg-sonic/node_modules/koa-jwt2/lib/index.js:145:11)
    at processTicksAndRejections (internal/process/task_queues.js:93:5)
    at async /Users/zhangmeng/Documents/z_node_learn/egg-sonic/node_modules/egg-development/app/middleware/egg_loader_trace.js:9:50
    at async xframe (/Users/zhangmeng/Documents/z_node_learn/egg-sonic/node_modules/egg-security/lib/middlewares/xframe.js:7:5)
    at async xssProtection (/Users/zhangmeng/Documents/z_node_learn/egg-sonic/node_modules/egg-security/lib/middlewares/xssProtection.js:7:5)
    at async nosniff (/Users/zhangmeng/Documents/z_node_learn/egg-sonic/node_modules/egg-security/lib/middlewares/nosniff.js:8:5)
    at async noopen (/Users/zhangmeng/Documents/z_node_learn/egg-sonic/node_modules/egg-security/lib/middlewares/noopen.js:8:5)
    at async session (/Users/zhangmeng/Documents/z_node_learn/egg-sonic/node_modules/koa-session/index.js:41:7)
    at async bodyParser (/Users/zhangmeng/Documents/z_node_learn/egg-sonic/node_modules/koa-bodyparser/index.js:95:5)
    at async /Users/zhangmeng/Documents/z_node_learn/egg-sonic/node_modules/koa-static-cache/index.js:41:56
    at async notfound (/Users/zhangmeng/Documents/z_node_learn/egg-sonic/node_modules/egg/app/middleware/notfound.js:5:5)
    at async meta (/Users/zhangmeng/Documents/z_node_learn/egg-sonic/node_modules/egg/app/middleware/meta.js:12:5)
    at async cors (/Users/zhangmeng/Documents/z_node_learn/egg-sonic/node_modules/@koa/cors/index.js:56:32)

pid: 2528
hostname: zhangmengdeMacBook-Pro.local

